<?xml version="1.0" encoding="UTF-8"?>
<testng-results ignored="0" total="1" passed="1" failed="0" skipped="0">
  <reporter-output>
  </reporter-output>
  <suite started-at="2024-01-02T17:28:08 EET" name="Default suite" finished-at="2024-01-02T17:28:54 EET" duration-ms="46501">
    <groups>
    </groups>
    <test started-at="2024-01-02T17:28:08 EET" name="Default test" finished-at="2024-01-02T17:28:54 EET" duration-ms="46501">
      <class name="testapp.Appium">
        <test-method is-config="true" signature="TheSetUp()[pri:0, instance:testapp.Appium@77847718]" started-at="2024-01-02T17:28:08 EET" name="TheSetUp" finished-at="2024-01-02T17:28:08 EET" duration-ms="14" status="PASS">
          <reporter-output>
          </reporter-output>
        </test-method> <!-- TheSetUp -->
        <test-method signature="TestTheBrowser()[pri:0, instance:testapp.Appium@77847718]" started-at="2024-01-02T17:28:08 EET" name="TestTheBrowser" finished-at="2024-01-02T17:28:54 EET" duration-ms="46452" status="PASS">
          <reporter-output>
          </reporter-output>
        </test-method> <!-- TestTheBrowser -->
        <test-method is-config="true" signature="posttesting()[pri:0, instance:testapp.Appium@77847718]" started-at="2024-01-02T17:28:54 EET" name="posttesting" finished-at="2024-01-02T17:28:54 EET" duration-ms="0" status="PASS">
          <reporter-output>
          </reporter-output>
        </test-method> <!-- posttesting -->
      </class> <!-- testapp.Appium -->
    </test> <!-- Default test -->
  </suite> <!-- Default suite -->
</testng-results>
